   0  $accept : %entry% $end

   1  main : bloc EOF

   2  bloc : BEGIN sdecl SEMI_COLUMN sinst END

   3  sdecl : decl
   4        | decl COMA sdecl

   5  decl : tipe IDENT

   6  tipe : INT
   7       | BOOL

   8  sinst : inst
   9        | inst SEMI_COLUMN sinst

  10  inst : bloc
  11       | IDENT FLECHE expr

  12  expr : IDENT
  13       | PAROUV expr PARFERM
  14       | expr AND expr
  15       | expr INF expr
  16       | expr PLUS expr

  17  %entry% : '\001' main

state 0
	$accept : . %entry% $end  (0)

	'\001'  shift 1
	.  error

	%entry%  goto 2


state 1
	%entry% : '\001' . main  (17)

	BEGIN  shift 3
	.  error

	main  goto 4
	bloc  goto 5


state 2
	$accept : %entry% . $end  (0)

	$end  accept


state 3
	bloc : BEGIN . sdecl SEMI_COLUMN sinst END  (2)

	INT  shift 6
	BOOL  shift 7
	.  error

	sdecl  goto 8
	decl  goto 9
	tipe  goto 10


state 4
	%entry% : '\001' main .  (17)

	.  reduce 17


state 5
	main : bloc . EOF  (1)

	EOF  shift 11
	.  error


state 6
	tipe : INT .  (6)

	.  reduce 6


state 7
	tipe : BOOL .  (7)

	.  reduce 7


state 8
	bloc : BEGIN sdecl . SEMI_COLUMN sinst END  (2)

	SEMI_COLUMN  shift 12
	.  error


state 9
	sdecl : decl .  (3)
	sdecl : decl . COMA sdecl  (4)

	COMA  shift 13
	SEMI_COLUMN  reduce 3


state 10
	decl : tipe . IDENT  (5)

	IDENT  shift 14
	.  error


state 11
	main : bloc EOF .  (1)

	.  reduce 1


state 12
	bloc : BEGIN sdecl SEMI_COLUMN . sinst END  (2)

	BEGIN  shift 3
	IDENT  shift 15
	.  error

	bloc  goto 16
	sinst  goto 17
	inst  goto 18


state 13
	sdecl : decl COMA . sdecl  (4)

	INT  shift 6
	BOOL  shift 7
	.  error

	sdecl  goto 19
	decl  goto 9
	tipe  goto 10


state 14
	decl : tipe IDENT .  (5)

	.  reduce 5


state 15
	inst : IDENT . FLECHE expr  (11)

	FLECHE  shift 20
	.  error


state 16
	inst : bloc .  (10)

	.  reduce 10


state 17
	bloc : BEGIN sdecl SEMI_COLUMN sinst . END  (2)

	END  shift 21
	.  error


state 18
	sinst : inst .  (8)
	sinst : inst . SEMI_COLUMN sinst  (9)

	SEMI_COLUMN  shift 22
	END  reduce 8


state 19
	sdecl : decl COMA sdecl .  (4)

	.  reduce 4


state 20
	inst : IDENT FLECHE . expr  (11)

	PAROUV  shift 23
	IDENT  shift 24
	.  error

	expr  goto 25


state 21
	bloc : BEGIN sdecl SEMI_COLUMN sinst END .  (2)

	.  reduce 2


state 22
	sinst : inst SEMI_COLUMN . sinst  (9)

	BEGIN  shift 3
	IDENT  shift 15
	.  error

	bloc  goto 16
	sinst  goto 26
	inst  goto 18


state 23
	expr : PAROUV . expr PARFERM  (13)

	PAROUV  shift 23
	IDENT  shift 24
	.  error

	expr  goto 27


state 24
	expr : IDENT .  (12)

	.  reduce 12


state 25
	inst : IDENT FLECHE expr .  (11)
	expr : expr . AND expr  (14)
	expr : expr . INF expr  (15)
	expr : expr . PLUS expr  (16)

	PLUS  shift 28
	INF  shift 29
	AND  shift 30
	END  reduce 11
	SEMI_COLUMN  reduce 11


state 26
	sinst : inst SEMI_COLUMN sinst .  (9)

	.  reduce 9


state 27
	expr : PAROUV expr . PARFERM  (13)
	expr : expr . AND expr  (14)
	expr : expr . INF expr  (15)
	expr : expr . PLUS expr  (16)

	PLUS  shift 28
	INF  shift 29
	AND  shift 30
	PARFERM  shift 31
	.  error


state 28
	expr : expr PLUS . expr  (16)

	PAROUV  shift 23
	IDENT  shift 24
	.  error

	expr  goto 32


state 29
	expr : expr INF . expr  (15)

	PAROUV  shift 23
	IDENT  shift 24
	.  error

	expr  goto 33


state 30
	expr : expr AND . expr  (14)

	PAROUV  shift 23
	IDENT  shift 24
	.  error

	expr  goto 34


state 31
	expr : PAROUV expr PARFERM .  (13)

	.  reduce 13


state 32
	expr : expr . AND expr  (14)
	expr : expr . INF expr  (15)
	expr : expr . PLUS expr  (16)
	expr : expr PLUS expr .  (16)

	.  reduce 16


state 33
	expr : expr . AND expr  (14)
	expr : expr . INF expr  (15)
	expr : expr INF expr .  (15)
	expr : expr . PLUS expr  (16)

	PLUS  shift 28
	END  reduce 15
	SEMI_COLUMN  reduce 15
	INF  reduce 15
	AND  reduce 15
	PARFERM  reduce 15


state 34
	expr : expr . AND expr  (14)
	expr : expr AND expr .  (14)
	expr : expr . INF expr  (15)
	expr : expr . PLUS expr  (16)

	PLUS  shift 28
	INF  shift 29
	END  reduce 14
	SEMI_COLUMN  reduce 14
	AND  reduce 14
	PARFERM  reduce 14


18 terminals, 10 nonterminals
18 grammar rules, 35 states
