c:\users\tchapon\desktop\chaine\chaine\debug\chaine.pch
c:\users\tchapon\desktop\chaine\chaine\debug\vc120.pdb
c:\users\tchapon\desktop\chaine\chaine\debug\vc120.idb
c:\users\tchapon\desktop\chaine\chaine\debug\stdafx.obj
c:\users\tchapon\desktop\chaine\chaine\debug\main.obj
c:\users\tchapon\desktop\chaine\chaine\debug\chaine.obj
c:\users\tchapon\desktop\chaine\debug\chaine.pdb
c:\users\tchapon\desktop\chaine\chaine\debug\chaine.tlog\cl.command.1.tlog
c:\users\tchapon\desktop\chaine\chaine\debug\chaine.tlog\cl.read.1.tlog
c:\users\tchapon\desktop\chaine\chaine\debug\chaine.tlog\cl.write.1.tlog
c:\users\tchapon\desktop\chaine\chaine\debug\chaine.tlog\link-cvtres.read.1.tlog
c:\users\tchapon\desktop\chaine\chaine\debug\chaine.tlog\link-cvtres.write.1.tlog
c:\users\tchapon\desktop\chaine\chaine\debug\chaine.tlog\link-rc.read.1.tlog
c:\users\tchapon\desktop\chaine\chaine\debug\chaine.tlog\link-rc.write.1.tlog
c:\users\tchapon\desktop\chaine\chaine\debug\chaine.tlog\link.3684-cvtres.read.1.tlog
c:\users\tchapon\desktop\chaine\chaine\debug\chaine.tlog\link.3684-cvtres.write.1.tlog
c:\users\tchapon\desktop\chaine\chaine\debug\chaine.tlog\link.3684-rc.read.1.tlog
c:\users\tchapon\desktop\chaine\chaine\debug\chaine.tlog\link.3684-rc.write.1.tlog
c:\users\tchapon\desktop\chaine\chaine\debug\chaine.tlog\link.3684.read.1.tlog
c:\users\tchapon\desktop\chaine\chaine\debug\chaine.tlog\link.3684.write.1.tlog
c:\users\tchapon\desktop\chaine\chaine\debug\chaine.tlog\link.command.1.tlog
c:\users\tchapon\desktop\chaine\chaine\debug\chaine.tlog\link.read.1.tlog
c:\users\tchapon\desktop\chaine\chaine\debug\chaine.tlog\link.write.1.tlog
